c:\users\kjhdesk\desktop\latestclient02(04.14)\finalproject_v4_05\debug\vc120.pdb
c:\users\kjhdesk\desktop\latestclient02(04.14)\finalproject_v4_05\debug\vc120.idb
c:\users\kjhdesk\desktop\latestclient02(04.14)\finalproject_v4_05\debug\treeobjectshader.obj
c:\users\kjhdesk\desktop\latestclient02(04.14)\finalproject_v4_05\debug\gameframework.obj
c:\users\kjhdesk\desktop\latestclient02(04.14)\finalproject_v4_05\debug\labproject08.obj
c:\users\kjhdesk\desktop\latestclient02(04.14)\finalproject_v4_05\debug\mesh.obj
c:\users\kjhdesk\desktop\latestclient02(04.14)\finalproject_v4_05\debug\object.obj
c:\users\kjhdesk\desktop\latestclient02(04.14)\finalproject_v4_05\debug\player.obj
c:\users\kjhdesk\desktop\latestclient02(04.14)\finalproject_v4_05\debug\scene.obj
c:\users\kjhdesk\desktop\latestclient02(04.14)\finalproject_v4_05\debug\shader.obj
c:\users\kjhdesk\desktop\latestclient02(04.14)\finalproject_v4_05\debug\waveshader.obj
c:\users\kjhdesk\desktop\latestclient02(04.14)\finalproject_v4_05\debug\stdafx.obj
c:\users\kjhdesk\desktop\latestclient02(04.14)\finalproject_v4_05\debug\monstershader.obj
c:\users\kjhdesk\desktop\latestclient02(04.14)\finalproject_v4_05\debug\airplanemesh.obj
c:\users\kjhdesk\desktop\latestclient02(04.14)\finalproject_v4_05\debug\airplaneplayer.obj
c:\users\kjhdesk\desktop\latestclient02(04.14)\finalproject_v4_05\debug\crotatingobject.obj
c:\users\kjhdesk\desktop\latestclient02(04.14)\finalproject_v4_05\debug\camera.obj
c:\users\kjhdesk\desktop\latestclient02(04.14)\finalproject_v4_05\debug\cubemesh.obj
c:\users\kjhdesk\desktop\latestclient02(04.14)\finalproject_v4_05\debug\fixedmesh.obj
c:\users\kjhdesk\desktop\latestclient02(04.14)\finalproject_v4_05\debug\gamemanager.obj
c:\users\kjhdesk\desktop\latestclient02(04.14)\finalproject_v4_05\debug\wavemesh.obj
c:\users\kjhdesk\desktop\latestclient02(04.14)\debug\displacementmapping.cso
c:\users\kjhdesk\desktop\latestclient02(04.14)\debug\effect.cso
c:\users\kjhdesk\desktop\latestclient02(04.14)\debug\light.cso
c:\users\kjhdesk\desktop\latestclient02(04.14)\debug\monster.cso
c:\users\kjhdesk\desktop\latestclient02(04.14)\debug\normalmapping.cso
c:\users\kjhdesk\desktop\latestclient02(04.14)\debug\reflection.cso
c:\users\kjhdesk\desktop\latestclient02(04.14)\debug\refraction.cso
c:\users\kjhdesk\desktop\latestclient02(04.14)\debug\shader.cso
c:\users\kjhdesk\desktop\latestclient02(04.14)\debug\skybox.cso
c:\users\kjhdesk\desktop\latestclient02(04.14)\debug\terrain.cso
c:\users\kjhdesk\desktop\latestclient02(04.14)\debug\test.cso
c:\users\kjhdesk\desktop\latestclient02(04.14)\debug\tree.cso
c:\users\kjhdesk\desktop\latestclient02(04.14)\debug\wave.cso
c:\users\kjhdesk\desktop\latestclient02(04.14)\debug\finalproject_v4_05.ilk
c:\users\kjhdesk\desktop\latestclient02(04.14)\debug\finalproject_v4_05.exe
c:\users\kjhdesk\desktop\latestclient02(04.14)\debug\finalproject_v4_05.pdb
c:\users\kjhdesk\desktop\latestclient02(04.14)\finalproject_v4_05\debug\labproject.res
c:\users\kjhdesk\desktop\latestclient02(04.14)\finalproject_v4_05\debug\clientserver.obj
c:\users\kjhdesk\desktop\latestclient02(04.14)\finalproject_v4_05\debug\cwavemesh.obj
c:\users\kjhdesk\desktop\latestclient02(04.14)\finalproject_v4_05\debug\diffusedvertex.obj
c:\users\kjhdesk\desktop\latestclient02(04.14)\finalproject_v4_05\debug\direct3dbase.obj
c:\users\kjhdesk\desktop\latestclient02(04.14)\finalproject_v4_05\debug\heightmap.obj
c:\users\kjhdesk\desktop\latestclient02(04.14)\finalproject_v4_05\debug\monster.obj
c:\users\kjhdesk\desktop\latestclient02(04.14)\finalproject_v4_05\debug\serverplayer.obj
c:\users\kjhdesk\desktop\latestclient02(04.14)\finalproject_v4_05\debug\timer.obj
c:\users\kjhdesk\desktop\latestclient02(04.14)\finalproject_v4_05\debug\vertex.obj
c:\users\kjhdesk\desktop\latestclient02(04.14)\finalproject_v4_05\debug\vc140.idb
c:\users\kjhdesk\desktop\latestclient02(04.14)\finalproject_v4_05\debug\vc140.pdb
c:\users\kjhdesk\desktop\latestclient02(04.14)\finalproject_v4_05\debug\finalpro.dab321ee.tlog\cl.command.1.tlog
c:\users\kjhdesk\desktop\latestclient02(04.14)\finalproject_v4_05\debug\finalpro.dab321ee.tlog\cl.read.1.tlog
c:\users\kjhdesk\desktop\latestclient02(04.14)\finalproject_v4_05\debug\finalpro.dab321ee.tlog\cl.write.1.tlog
c:\users\kjhdesk\desktop\latestclient02(04.14)\finalproject_v4_05\debug\finalpro.dab321ee.tlog\finalproject_v4_05.write.1u.tlog
c:\users\kjhdesk\desktop\latestclient02(04.14)\finalproject_v4_05\debug\finalpro.dab321ee.tlog\fxc.command.1.tlog
c:\users\kjhdesk\desktop\latestclient02(04.14)\finalproject_v4_05\debug\finalpro.dab321ee.tlog\fxc.read.1.tlog
c:\users\kjhdesk\desktop\latestclient02(04.14)\finalproject_v4_05\debug\finalpro.dab321ee.tlog\fxc.write.1.tlog
c:\users\kjhdesk\desktop\latestclient02(04.14)\finalproject_v4_05\debug\finalpro.dab321ee.tlog\link.command.1.tlog
c:\users\kjhdesk\desktop\latestclient02(04.14)\finalproject_v4_05\debug\finalpro.dab321ee.tlog\link.read.1.tlog
c:\users\kjhdesk\desktop\latestclient02(04.14)\finalproject_v4_05\debug\finalpro.dab321ee.tlog\link.write.1.tlog
c:\users\kjhdesk\desktop\latestclient02(04.14)\finalproject_v4_05\debug\finalpro.dab321ee.tlog\rc.command.1.tlog
c:\users\kjhdesk\desktop\latestclient02(04.14)\finalproject_v4_05\debug\finalpro.dab321ee.tlog\rc.read.1.tlog
c:\users\kjhdesk\desktop\latestclient02(04.14)\finalproject_v4_05\debug\finalpro.dab321ee.tlog\rc.write.1.tlog
